<?xml version="1.0" encoding="UTF-8"?>
<testng-results ignored="0" total="1" passed="1" failed="0" skipped="0">
  <reporter-output>
  </reporter-output>
  <suite started-at="2023-10-14T20:22:23 IST" name="Suite" finished-at="2023-10-14T20:22:30 IST" duration-ms="6358">
    <groups>
    </groups>
    <test started-at="2023-10-14T20:22:23 IST" name="Test" finished-at="2023-10-14T20:22:30 IST" duration-ms="6358">
      <class name="com.lilac.scripts.Test6script">
        <test-method is-config="true" signature="launchbrowser(java.lang.String)[pri:0, instance:com.lilac.scripts.Test6script@702b8b12]" started-at="2023-10-14T20:22:23 IST" name="launchbrowser" finished-at="2023-10-14T20:22:29 IST" duration-ms="6141" status="PASS">
          <params>
            <param index="0">
              <value>
                <![CDATA[Chrome]]>
              </value>
            </param>
          </params>
          <reporter-output>
          </reporter-output>
        </test-method> <!-- launchbrowser -->
        <test-method signature="checkindaValueincoordinates2_2()[pri:0, instance:com.lilac.scripts.Test6script@702b8b12]" started-at="2023-10-14T20:22:29 IST" name="checkindaValueincoordinates2_2" finished-at="2023-10-14T20:22:30 IST" duration-ms="164" status="PASS">
          <reporter-output>
          </reporter-output>
        </test-method> <!-- checkindaValueincoordinates2_2 -->
      </class> <!-- com.lilac.scripts.Test6script -->
    </test> <!-- Test -->
  </suite> <!-- Suite -->
</testng-results>
